Введите название схемы: neb
Локальная копия сохранена!

node:internal/process/promises:288
            triggerUncaughtException(err, true /* fromPromise */);
            ^
AxiosError: connect ECONNREFUSED 195.2.81.173:443
    at TCPConnectWrap.afterConnect [as oncomplete] (node:net:1237:16) {
  port: 443,
  address: '195.2.81.173',
  syscall: 'connect',
  code: 'ECONNREFUSED',
  errno: -4078,
  config: {
    transitional: {
      silentJSONParsing: true,
      forcedJSONParsing: true,
      clarifyTimeoutError: false
    },
    adapter: [Function: httpAdapter],
    transformRequest: [ [Function: transformRequest] ],
    transformResponse: [ [Function: transformResponse] ],
    timeout: 0,
    xsrfCookieName: 'XSRF-TOKEN',
    xsrfHeaderName: 'X-XSRF-TOKEN',
    maxContentLength: -1,
    maxBodyLength: -1,
    env: {
      FormData: [Function: FormData] {
        LINE_BREAK: '\r\n',
        DEFAULT_CONTENT_TYPE: 'application/octet-stream'
      }
    },
    validateStatus: [Function: validateStatus],
    headers: {
      Accept: 'application/json, text/plain, */*',
      'Content-Type': 'application/json',
      'User-Agent': 'axios/0.27.2',
      'Content-Length': 72084
    },
    method: 'post',
    url: 'https://nebilet.fun/api/add_scheme/',
    data: '{"name":"neb","schema":"<svg xmlns=\\"http://www.w3.org/2000/svg\\" width=\\"1394\\" height=\\"1297\\" viewBox=\\"0 0 1394 1297\\"><title>Основная сцена на Театральном проезде v2</title><g fill=\\"none\\" fill-rule=\\"evenodd\\"><path d=\\"M1374.017 400.424c3.547 5.59 2.204 13.462-2.981 17.565l-77.223 61.114c-5.194 4.11-12.88 3.343-17.174-1.697 0 0-7.218-8.617-15.006-17.23-139.576-154.369-341.474-251.37-566.036-251.37-223.729 0-424.945 96.267-564.462 249.609-8.421 9.255-16.807 19.247-16.807 19.247-4.292 5.044-11.99 5.796-17.173 1.694l-77.191-61.08c-5.192-4.11-6.53-11.972-2.97-17.566 0 0 8.458-13.467 16.229-24.957C187.583 147.515 426.913 1 695.587 1c269.39 0 509.253 147.282 663.573 376.533 7.286 10.824 14.857 22.89 14.857 22.89z\\" fill=\\"#FFF\\" fill-rule=\\"nonzero\\"/><path d=\\"M1393 1013.03c.003 6.622-5.36 11.981-11.988 11.97l-95.948-.16c-6.624-.011-11.997-5.396-12-12.012l-.104-216.282c-.01-24.969-4.879-49.718-14.557-72.736-93.991-218.58-309.938-370.766-561.398-370.766-239.432 0-446.66 137.96-546.631 338.794-2.76 5.542-9.168 20.918-15.297 35.923a189.496 189.496 0 0 0-14.037 71.486l-.104 213.565c-.003 6.632-5.373 12.017-12 12.028l-95.948.16c-6.624.011-11.991-5.35-11.988-11.987l.124-240.906a228.813 228.813 0 0 1 16.956-86.361c7.399-18.137 15.137-36.724 18.477-43.416C157.343 399.69 407.723 233 697.005 233c303.82 0 564.727 183.867 677.665 446.483 12.317 29.291 18.196 59.192 18.206 89.363l.124 244.183z\\" fill=\\"#FFF\\" fill-rule=\\"nonzero\\"/><path d=\\"M1140.775 1228c-6.625 0-11.995-5.365-11.994-11.999l.019-386.208c-.01-18.739-3.661-37.308-10.924-54.566-70.547-163.991-232.629-278.168-421.371-278.168-179.719 0-335.258 103.501-410.297 254.176-2.07 4.152-6.882 15.687-11.474 26.953a142.051 142.051 0 0 0-10.534 53.626l.02 384.194c0 6.623-5.38 11.992-11.995 11.992h-96.236c-6.625 0-11.992-5.372-11.989-12.001l.204-411.318a181.469 181.469 0 0 1 13.465-68.524c5.873-14.387 12.015-29.124 14.656-34.437C268.19 509.235 466.907 377 696.505 377c241.122 0 448.201 145.862 537.835 354.195 9.774 23.231 14.446 46.963 14.456 70.885l.204 413.915c.003 6.63-5.374 12.005-11.989 12.005h-96.236z\\" fill=\\"#FFF\\" fill-rule=\\"nonzero\\"/><path d=\\"M297.834 786.997C363.03 630.785 517.198 521 697 521c178.138 0 331.115 107.763 397.333 261.674a426.252 426.252 0 0 0 7.525 16.483c2.84 5.989 5.142 16.223 5.142 22.846v393.994c0 6.629-5.371 12.003-12.007 12.003H299.007c-6.631 0-12.007-5.38-12.007-12.003V822.003c0-6.629 2.374-16.832 5.25-22.788 0 0 2.43-4.656 5.584-12.218z\\" fill=\\"#FFF\\" fill-rule=\\"nonzero\\"/><g stroke=\\"#E2E2E2\\" stroke-width=\\"2\\"><path d=\\"M309 1106.5h76M309 1008.5h76M309 910.5h76M166 1113.5h76M166 1001.5h76M166 893.5h76M175 760l71 27M227 652l64 41M306 557l54 54M23 910.5h76M24 792l75 11M49 671l69 31M98 563l64 41M183 475l56 52M286 386l45 61M1085 1105.5h-76M1085 1007.5h-76M1085 909.5h-76M1228 1112.5h-76M1228 1000.5h-76M1228 892.5h-76M1220 760l-71 27M1167 652l-64 41M1088 557l-54 54M1371 909.5h-76M1369 791l-75 11M1344 670l-69 31M1296 563l-64 41M1211 475l-56 52M1109 386l-45 61\\"/></g><g font-family=\\"ArialMT, Arial\\"><text font-size=\\"8\\" fill=\\"#666\\" transform=\\"translate(18 21)\\"><tspan x=\\"490.551\\" y=\\"1160\\">1</tspan></text><text font-size=\\"8\\" fill=\\"#666\\" transform=\\"translate(18 21)\\"><tspan x=\\"490.551\\" y=\\"1138\\">2</tspan></text><text font-size=\\"8\\" fill=\\"#666\\" transform=\\"translate(18 21)\\"><tspan x=\\"490.551\\" y=\\"1116\\">3</tspan></text><text font-size=\\"8\\" fill=\\"#666\\" transform=\\"translate(18 21)\\"><tspan x=\\"490.551\\" y=\\"1094\\">4</tspan></text><text font-size=\\"8\\" fill=\\"#666\\" transform=\\"translate(18 21)\\"><tspan x=\\"480.551\\" y=\\"1072\\">5</tspan></text><text font-size=\\"8\\" fill=\\"#666\\" transform=\\"translate(18 21)\\"><tspan x=\\"480.551\\" y=\\"1050\\">6</tspan></text><text font-size=\\"8\\" fill=\\"#666\\" transform=\\"translate(18 21)\\"><tspan x=\\"601.551\\" y=\\"684\\">1</tspan></text><text font-size=\\"8\\" fill=\\"#666\\" transform=\\"translate(18 21)\\"><tspan x=\\"545.551\\" y=\\"682\\">2</tspan></text><text font-size=\\"8\\" fill=\\"#666\\" transform=\\"translate(18 21)\\"><tspan x=\\"471.551\\" y=\\"485\\">1</tspan></text><text font-size=\\"8\\" fill=\\"#666\\" transform=\\"translate(18 21)\\"><tspan x=\\"461.551\\" y=\\"465\\">2</tspan></text><text font-size=\\"8\\" fill=\\"#666\\" transform=\\"translate(18 21)\\"><tspan x=\\"878.551\\" y=\\"485\\">1</tspan></text><text font-size=\\"8\\" fill=\\"#666\\" transform=\\"translate(18 21)\\"><tspan x=\\"888.551\\" y=\\"465\\">2</tspan></text><text font-size=\\"8\\" fill=\\"#666\\" transform=\\"translate(18 21)\\"><tspan x=\\"677.551\\" y=\\"298\\">1</tspan></text><text font-size=\\"8\\" fill=\\"#666\\" transform=\\"translate(18 21)\\"><tspan x=\\"677.551\\" y=\\"274\\">2</tspan></text><text font-size=\\"8\\" fill=\\"#666\\" transform=\\"translate(18 21)\\"><tspan x=\\"676.551\\" y=\\"153\\">1</tspan></text><text font-size=\\"8\\" fill=\\"#666\\" transform=\\"translate(18 21)\\"><tspan x=\\"676.551\\" y=\\"130\\">2</tspan></text><text font-size=\\"8\\" fill=\\"#666\\" transform=\\"translate(18 21)\\"><tspan x=\\"1028.551\\" y=\\"233\\">1</tspan></text><text font-size=\\"8\\" fill=\\"#666\\" transform=\\"translate(18 21)\\"><tspan x=\\"1037.551\\" y=\\"213\\">2</tspan></text><text font-size=\\"8\\" fill=\\"#666\\" transform=\\"translate(18 21)\\"><tspan x=\\"321.551\\" y=\\"234\\">1</tspan></text><text font-size=\\"8\\" fill=\\"#666\\" transform=\\"translate(18 21)\\"><tspan x=\\"310.551\\" y=\\"215\\">2</tspan></text><text font-size=\\"8\\" fill=\\"#666\\" transform=\\"translate(18 21)\\"><tspan x=\\"676.551\\" y=\\"108\\">3</tspan></text><text font-size=\\"8\\" fill=\\"#666\\" transform=\\"translate(18 21)\\"><tspan x=\\"676.551\\" y=\\"86\\">4</tspan></text><text font-size=\\"8\\" fill=\\"#666\\" transform=\\"translate(18 21)\\"><tspan x=\\"676.551\\" y=\\"64\\">5</tspan></text><text font-size=\\"8\\" fill=\\"#666\\" transform=\\"translate(18 21)\\"><tspan x=\\"676.551\\" y=\\"42\\">6</tspan></text><text font-size=\\"8\\" fill=\\"#666\\" transform=\\"translate(18 21)\\"><tspan x=\\"493.551\\" y=\\"690\\">3</tspan></text><text font-size=\\"8\\" fill=\\"#666\\" transform=\\"translate(18 21)\\"><tspan x=\\"448.551\\" y=\\"704\\">4</tspan></text><text font-size=\\"8\\" fill=\\"#666\\" transform=\\"translate(18 21)\\"><tspan x=\\"403.551\\" y=\\"720\\">5</tspan></text><text font-size=\\"8\\" fill=\\"#666\\" transform=\\"translate(18 21)\\"><tspan x=\\"356.551\\" y=\\"749\\">6</tspan></text><text font-size=\\"8\\" fill=\\"#666\\" transform=\\"translate(18 21)\\"><tspan x=\\"750.551\\" y=\\"684\\">1</tspan></text><text font-size=\\"8\\" fill=\\"#666\\" transform=\\"translate(18 21)\\"><tspan x=\\"807.551\\" y=\\"682\\">2</tspan></text><text font-size=\\"8\\" fill=\\"#666\\" transform=\\"translate(18 21)\\"><tspan x=\\"858.551\\" y=\\"690\\">3</tspan></text><text font-size=\\"8\\" fill=\\"#666\\" transform=\\"translate(18 21)\\"><tspan x=\\"905.551\\" y=\\"703\\">4</tspan></text><text font-size=\\"8\\" fill=\\"#666\\" transform=\\"translate(18 21)\\"><tspan x=\\"949.551\\" y=\\"719\\">5</tspan></text><text font-size=\\"8\\" fill=\\"#666\\" transform=\\"translate(18 21)\\"><tspan x=\\"992.551\\" y=\\"740\\">6</tspan></text><text font-size=\\"8\\" fill=\\"#666\\" transform=\\"translate(18 21)\\"><tspan x=\\"470.551\\" y=\\"1028\\">7</tspan></text><text font-size=\\"8\\" fill=\\"#666\\" transform=\\"translate(18 21)\\"><tspan x=\\"470.551\\" y=\\"1006\\">8</tspan></text><text font-size=\\"8\\" fill=\\"#666\\" transform=\\"translate(18 21)\\"><tspan x=\\"460.551\\" y=\\"984\\">9</tspan></text><text font-size=\\"8\\" fill=\\"#666\\" transform=\\"translate(18 21)\\"><tspan x=\\"446.102\\" y=\\"962\\">10</tspan></text><text font-size=\\"8\\" fill=\\"#666\\" transform=\\"translate(18 21)\\"><tspan x=\\"863\\" y=\\"1160\\">1</tspan></text><text font-size=\\"8\\" fill=\\"#666\\" transform=\\"translate(18 21)\\"><tspan x=\\"863\\" y=\\"1138\\">2</tspan></text><text font-size=\\"8\\" fill=\\"#666\\" transform=\\"translate(18 21)\\"><tspan x=\\"863\\" y=\\"1116\\">3</tspan></text><text font-size=\\"8\\" fill=\\"#666\\" transform=\\"translate(18 21)\\"><tspan x=\\"863\\" y=\\"1094\\">4</tspan></text><text font-size=\\"8\\" fill=\\"#666\\" transform=\\"translate(18 21)\\"><tspan x=\\"873\\" y=\\"1072\\">5</tspan></text><text font-size=\\"8\\" fill=\\"#666\\" transform=\\"translate(18 21)\\"><tspan x=\\"873\\" y=\\"1050\\">6</tspan></text><text font-size=\\"8\\" fill=\\"#666\\" transform=\\"translate(18 21)\\"><tspan x=\\"883\\" y=\\"1028\\">7</tspan></text><text font-size=\\"8\\" fill=\\"#666\\" transform=\\"translate(18 21)\\"><tspan x=\\"883\\" y=\\"1006\\">8</tspan></text><text font-size=\\"8\\" fill=\\"#666\\" transform=\\"translate(18 21)\\"><tspan x=\\"893\\" y=\\"984\\">9</tspan></text><text font-size=\\"8\\" fill=\\"#666\\" transform=\\"translate(18 21)\\"><tspan x=\\"903\\" y=\\"962\\">10</tspan></text><text font-size=\\"13\\" fill=\\"#888\\" transform=\\"translate(18 21)\\"><tspan x=\\"641.438\\" y=\\"823\\">Страфонтен</tspan></text><text font-size=\\"13\\" fill=\\"#888\\" transform=\\"translate(18 21)\\"><tspan x=\\"644.134\\" y=\\"533\\">Амфитеатр</tspan></text><text font-size=\\"13\\" fill=\\"#888\\" transform=\\"translate(18 21)\\"><tspan x=\\"650.115\\" y=\\"392\\">Бельэтаж</tspan></text><text font-size=\\"13\\" fill=\\"#888\\" transform=\\"translate(18 21)\\"><tspan x=\\"612.402\\" y=\\"245\\">Балкон первого яруса</tspan></text><text font-size=\\"13\\" fill=\\"#888\\" transform=\\"translate(18 21)\\"><tspan x=\\"613.087\\" y=\\"12\\">Балкон второго яруса</tspan></text><text font-size=\\"13\\" fill=\\"#888\\" transform=\\"translate(18 21)\\"><tspan x=\\"1058.385\\" y=\\"845\\">4</tspan></text><text font-size=\\"13\\" fill=\\"#888\\" transform=\\"translate(18 21)\\"><tspan x=\\"1058.385\\" y=\\"942\\">3</tspan></text><text font-size=\\"13\\" fill=\\"#888\\" transform=\\"translate(18 21)\\"><tspan x=\\"1058.385\\" y=\\"1040\\">2</tspan></text><text font-size=\\"13\\" fill=\\"#888\\" transform=\\"translate(18 21)\\"><tspan x=\\"1058.385\\" y=\\"1149\\">1</tspan></text><text font-size=\\"13\\" fill=\\"#888\\" transform=\\"translate(18 21)\\"><tspan x=\\"987.531\\" y=\\"1188\\">Ложи бенуара</tspan></text><text font-size=\\"13\\" fill=\\"#888\\" transform=\\"translate(18 21)\\"><tspan x=\\"1198.385\\" y=\\"822\\">4</tspan></text><text font-size=\\"13\\" fill=\\"#888\\" transform=\\"translate(18 21)\\"><tspan x=\\"1167.385\\" y=\\"694\\">5</tspan></text><text font-size=\\"13\\" fill=\\"#888\\" transform=\\"translate(18 21'... 60906 more characters
  },
  request: <ref *3> Writable {
    _writableState: WritableState {
      objectMode: false,
      highWaterMark: 16384,
      finalCalled: false,
      needDrain: false,
      ending: false,
      ended: false,
      finished: false,
      destroyed: false,
      decodeStrings: true,
      defaultEncoding: 'utf8',
      length: 0,
      writing: false,
      corked: 0,
      sync: true,
      bufferProcessing: false,
      onwrite: [Function: bound onwrite],
      writecb: null,
      writelen: 0,
      afterWriteTickInfo: null,
      buffered: [],
      bufferedIndex: 0,
      allBuffers: true,
      allNoop: true,
      pendingcb: 0,
      constructed: true,
      prefinished: false,
      errorEmitted: false,
      emitClose: true,
      autoDestroy: true,
      errored: null,
      closed: false,
      closeEmitted: false,
      [Symbol(kOnFinished)]: []
    },
    _events: [Object: null prototype] {
      response: [Function: handleResponse],
      error: [Function: handleRequestError],
      socket: [Function: handleRequestSocket]
    },
    _eventsCount: 3,
    _maxListeners: undefined,
    _options: {
      maxRedirects: 21,
      maxBodyLength: 10485760,
      protocol: 'https:',
      path: '/api/add_scheme/',
      method: 'POST',
      headers: {
        Accept: 'application/json, text/plain, */*',
        'Content-Type': 'application/json',
        'User-Agent': 'axios/0.27.2',
        'Content-Length': 72084
      },
      agent: undefined,
      agents: { http: undefined, https: undefined },
      auth: undefined,
      hostname: 'nebilet.fun',
      port: null,
      nativeProtocols: {
        'http:': {
          _connectionListener: [Function: connectionListener],
          METHODS: [
            'ACL',         'BIND',       'CHECKOUT',
            'CONNECT',     'COPY',       'DELETE',
            'GET',         'HEAD',       'LINK',
            'LOCK',        'M-SEARCH',   'MERGE',
            'MKACTIVITY',  'MKCALENDAR', 'MKCOL',
            'MOVE',        'NOTIFY',     'OPTIONS',
            'PATCH',       'POST',       'PROPFIND',
            'PROPPATCH',   'PURGE',      'PUT',
            'REBIND',      'REPORT',     'SEARCH',
            'SOURCE',      'SUBSCRIBE',  'TRACE',
            'UNBIND',      'UNLINK',     'UNLOCK',
            'UNSUBSCRIBE'
          ],
          STATUS_CODES: {
            '100': 'Continue',
            '101': 'Switching Protocols',
            '102': 'Processing',
            '103': 'Early Hints',
            '200': 'OK',
            '201': 'Created',
            '202': 'Accepted',
            '203': 'Non-Authoritative Information',
            '204': 'No Content',
            '205': 'Reset Content',
            '206': 'Partial Content',
            '207': 'Multi-Status',
            '208': 'Already Reported',
            '226': 'IM Used',
            '300': 'Multiple Choices',
            '301': 'Moved Permanently',
            '302': 'Found',
            '303': 'See Other',
            '304': 'Not Modified',
            '305': 'Use Proxy',
            '307': 'Temporary Redirect',
            '308': 'Permanent Redirect',
            '400': 'Bad Request',
            '401': 'Unauthorized',
            '402': 'Payment Required',
            '403': 'Forbidden',
            '404': 'Not Found',
            '405': 'Method Not Allowed',
            '406': 'Not Acceptable',
            '407': 'Proxy Authentication Required',
            '408': 'Request Timeout',
            '409': 'Conflict',
            '410': 'Gone',
            '411': 'Length Required',
            '412': 'Precondition Failed',
            '413': 'Payload Too Large',
            '414': 'URI Too Long',
            '415': 'Unsupported Media Type',
            '416': 'Range Not Satisfiable',
            '417': 'Expectation Failed',
            '418': "I'm a Teapot",
            '421': 'Misdirected Request',
            '422': 'Unprocessable Entity',
            '423': 'Locked',
            '424': 'Failed Dependency',
            '425': 'Too Early',
            '426': 'Upgrade Required',
            '428': 'Precondition Required',
            '429': 'Too Many Requests',
            '431': 'Request Header Fields Too Large',
            '451': 'Unavailable For Legal Reasons',
            '500': 'Internal Server Error',
            '501': 'Not Implemented',
            '502': 'Bad Gateway',
            '503': 'Service Unavailable',
            '504': 'Gateway Timeout',
            '505': 'HTTP Version Not Supported',
            '506': 'Variant Also Negotiates',
            '507': 'Insufficient Storage',
            '508': 'Loop Detected',
            '509': 'Bandwidth Limit Exceeded',
            '510': 'Not Extended',
            '511': 'Network Authentication Required'
          },
          Agent: [Function: Agent] { defaultMaxSockets: Infinity },
          ClientRequest: [Function: ClientRequest],
          IncomingMessage: [Function: IncomingMessage],
          OutgoingMessage: [Function: OutgoingMessage],
          Server: [Function: Server],
          ServerResponse: [Function: ServerResponse],
          createServer: [Function: createServer],
          validateHeaderName: [Function: __node_internal_],
          validateHeaderValue: [Function: __node_internal_],
          get: [Function: get],
          request: [Function: request],
          maxHeaderSize: [Getter],
          globalAgent: [Getter/Setter]
        },
        'https:': {
          Agent: [Function: Agent],
          globalAgent: Agent {
            _events: [Object: null prototype],
            _eventsCount: 2,
            _maxListeners: undefined,
            defaultPort: 443,
            protocol: 'https:',
            options: [Object: null prototype],
            requests: [Object: null prototype] {},
            sockets: [Object: null prototype],
            freeSockets: [Object: null prototype] {},
            keepAliveMsecs: 1000,
            keepAlive: false,
            maxSockets: Infinity,
            maxFreeSockets: 256,
            scheduling: 'lifo',
            maxTotalSockets: Infinity,
            totalSocketCount: 1,
            maxCachedSessions: 100,
            _sessionCache: [Object],
            [Symbol(kCapture)]: false
          },
          Server: [Function: Server],
          createServer: [Function: createServer],
          get: [Function: get],
          request: [Function: request]
        }
      },
      pathname: '/api/add_scheme/'
    },
    _ended: false,
    _ending: true,
    _redirectCount: 0,
    _redirects: [],
    _requestBodyLength: 72084,
    _requestBodyBuffers: [
      {
        data: Buffer(72084) [Uint8Array] [
          123,  34, 110,  97, 109, 101,  34,  58,  34, 110, 101,  98,
           34,  44,  34, 115,  99, 104, 101, 109,  97,  34,  58,  34,
           60, 115, 118, 103,  32, 120, 109, 108, 110, 115,  61,  92,
           34, 104, 116, 116, 112,  58,  47,  47, 119, 119, 119,  46,
          119,  51,  46, 111, 114, 103,  47,  50,  48,  48,  48,  47,
          115, 118, 103,  92,  34,  32, 119, 105, 100, 116, 104,  61,
           92,  34,  49,  51,  57,  52,  92,  34,  32, 104, 101, 105,
          103, 104, 116,  61,  92,  34,  49,  50,  57,  55,  92,  34,
           32, 118, 105, 101,
          ... 71984 more items
        ],
        encoding: undefined
      }
    ],
    _onNativeResponse: [Function (anonymous)],
    _currentRequest: <ref *1> ClientRequest {
      _events: [Object: null prototype] {
        response: [Function: bound onceWrapper] {
          listener: [Function (anonymous)]
        },
        abort: [Function (anonymous)],
        aborted: [Function (anonymous)],
        connect: [Function (anonymous)],
        error: [Function (anonymous)],
        socket: [Function (anonymous)],
        timeout: [Function (anonymous)]
      },
      _eventsCount: 7,
      _maxListeners: undefined,
      outputData: [],
      outputSize: 0,
      writable: true,
      destroyed: false,
      _last: true,
      chunkedEncoding: false,
      shouldKeepAlive: false,
      maxRequestsOnConnectionReached: false,
      _defaultKeepAlive: true,
      useChunkedEncodingByDefault: true,
      sendDate: false,
      _removedConnection: false,
      _removedContLen: false,
      _removedTE: false,
      _contentLength: null,
      _hasBody: true,
      _trailer: '',
      finished: false,
      _headerSent: true,
      _closed: false,
      socket: <ref *2> TLSSocket {
        _tlsOptions: {
          allowHalfOpen: undefined,
          pipe: false,
          secureContext: SecureContext { context: SecureContext {} },
          isServer: false,
          requestCert: true,
          rejectUnauthorized: true,
          session: undefined,
          ALPNProtocols: undefined,
          requestOCSP: undefined,
          enableTrace: undefined,
          pskCallback: undefined,
          highWaterMark: undefined,
          onread: undefined,
          signal: undefined
        },
        _secureEstablished: false,
        _securePending: false,
        _newSessionPending: false,
        _controlReleased: true,
        secureConnecting: true,
        _SNICallback: null,
        servername: null,
        alpnProtocol: null,
        authorized: false,
        authorizationError: null,
        encrypted: true,
        _events: [Object: null prototype] {
          close: [
            [Function: onSocketCloseDestroySSL],
            [Function],
            [Function: onClose],
            [Function: socketCloseListener]
          ],
          end: [ [Function: onConnectEnd], [Function: onReadableStreamEnd] ],
          newListener: [Function: keylogNewListener],
          connect: [ [Function], [Function], [Function] ],
          secure: [Function: onConnectSecure],
          session: [Function (anonymous)],
          free: [Function: onFree],
          timeout: [Function: onTimeout],
          agentRemove: [Function: onRemove],
          error: [Function: socketErrorListener],
          drain: [Function: ondrain]
        },
        _eventsCount: 11,
        connecting: false,
        _hadError: true,
        _parent: null,
        _host: 'nebilet.fun',
        _readableState: ReadableState {
          objectMode: false,
          highWaterMark: 16384,
          buffer: BufferList { head: null, tail: null, length: 0 },
          length: 0,
          pipes: [],
          flowing: true,
          ended: false,
          endEmitted: false,
          reading: true,
          constructed: true,
          sync: false,
          needReadable: true,
          emittedReadable: false,
          readableListening: false,
          resumeScheduled: false,
          errorEmitted: true,
          emitClose: false,
          autoDestroy: true,
          destroyed: true,
          errored: Error: connect ECONNREFUSED 195.2.81.173:443
              at TCPConnectWrap.afterConnect [as oncomplete] (node:net:1237:16) {
            errno: -4078,
            code: 'ECONNREFUSED',
            syscall: 'connect',
            address: '195.2.81.173',
            port: 443
          },
          closed: true,
          closeEmitted: true,
          defaultEncoding: 'utf8',
          awaitDrainWriters: null,
          multiAwaitDrain: false,
          readingMore: false,
          dataEmitted: false,
          decoder: null,
          encoding: null,
          [Symbol(kPaused)]: false
        },
        _maxListeners: undefined,
        _writableState: WritableState {
          objectMode: false,
          highWaterMark: 16384,
          finalCalled: false,
          needDrain: true,
          ending: false,
          ended: false,
          finished: false,
          destroyed: true,
          decodeStrings: false,
          defaultEncoding: 'utf8',
          length: 72280,
          writing: true,
          corked: 0,
          sync: false,
          bufferProcessing: false,
          onwrite: [Function: bound onwrite],
          writecb: [Function (anonymous)],
          writelen: 72280,
          afterWriteTickInfo: null,
          buffered: [],
          bufferedIndex: 0,
          allBuffers: true,
          allNoop: true,
          pendingcb: 1,
          constructed: true,
          prefinished: false,
          errorEmitted: true,
          emitClose: false,
          autoDestroy: true,
          errored: Error: connect ECONNREFUSED 195.2.81.173:443
              at TCPConnectWrap.afterConnect [as oncomplete] (node:net:1237:16) {
            errno: -4078,
            code: 'ECONNREFUSED',
            syscall: 'connect',
            address: '195.2.81.173',
            port: 443
          },
          closed: true,
          closeEmitted: true,
          [Symbol(kOnFinished)]: []
        },
        allowHalfOpen: false,
        _sockname: null,
        _pendingData: [
          {
            chunk: 'POST /api/add_scheme/ HTTP/1.1\r\n' +
              'Accept: application/json, text/plain, */*\r\n' +
              'Content-Type: application/json\r\n' +
              'User-Agent: axios/0.27.2\r\n' +
              'Content-Length: 72084\r\n' +
              'Host: nebilet.fun\r\n' +
              'Connection: close\r\n' +
              '\r\n',
            encoding: 'latin1',
            callback: [Function: nop]
          },
          {
            chunk: [Buffer [Uint8Array]],
            encoding: 'buffer',
            callback: [Function (anonymous)]
          },
          allBuffers: false
        ],
        _pendingEncoding: '',
        server: undefined,
        _server: null,
        ssl: null,
        _requestCert: true,
        _rejectUnauthorized: true,
        parser: null,
        _httpMessage: [Circular *1],
        [Symbol(res)]: TLSWrap {
          _parent: TCP {
            reading: [Getter/Setter],
            onconnection: null,
            [Symbol(owner_symbol)]: [Circular *2],
            [Symbol(handle_onclose)]: [Function: done]
          },
          _parentWrap: undefined,
          _secureContext: SecureContext { context: SecureContext {} },
          reading: false,
          onkeylog: [Function: onkeylog],
          onhandshakestart: {},
          onhandshakedone: [Function (anonymous)],
          onocspresponse: [Function: onocspresponse],
          onnewsession: [Function: onnewsessionclient],
          onerror: [Function: onerror],
          [Symbol(owner_symbol)]: [Circular *2]
        },
        [Symbol(verified)]: false,
        [Symbol(pendingSession)]: null,
        [Symbol(async_id_symbol)]: 35,
        [Symbol(kHandle)]: null,
        [Symbol(lastWriteQueueSize)]: 0,
        [Symbol(timeout)]: null,
        [Symbol(kBuffer)]: null,
        [Symbol(kBufferCb)]: null,
        [Symbol(kBufferGen)]: null,
        [Symbol(kCapture)]: false,
        [Symbol(kSetNoDelay)]: false,
        [Symbol(kSetKeepAlive)]: true,
        [Symbol(kSetKeepAliveInitialDelay)]: 60,
        [Symbol(kBytesRead)]: 0,
        [Symbol(kBytesWritten)]: 0,
        [Symbol(connect-options)]: {
          rejectUnauthorized: true,
          ciphers: 'TLS_AES_256_GCM_SHA384:TLS_CHACHA20_POLY1305_SHA256:TLS_AES_128_GCM_SHA256:ECDHE-RSA-AES128-GCM-SHA256:ECDHE-ECDSA-AES128-GCM-SHA256:ECDHE-RSA-AES256-GCM-SHA384:ECDHE-ECDSA-AES256-GCM-SHA384:DHE-RSA-AES128-GCM-SHA256:ECDHE-RSA-AES128-SHA256:DHE-RSA-AES128-SHA256:ECDHE-RSA-AES256-SHA384:DHE-RSA-AES256-SHA384:ECDHE-RSA-AES256-SHA256:DHE-RSA-AES256-SHA256:HIGH:!aNULL:!eNULL:!EXPORT:!DES:!RC4:!MD5:!PSK:!SRP:!CAMELLIA',
          checkServerIdentity: [Function: checkServerIdentity],
          minDHSize: 1024,
          maxRedirects: 21,
          maxBodyLength: 10485760,
          protocol: 'https:',
          path: null,
          method: 'POST',
          headers: {
            Accept: 'application/json, text/plain, */*',
            'Content-Type': 'application/json',
            'User-Agent': 'axios/0.27.2',
            'Content-Length': 72084
          },
          agent: undefined,
          agents: { http: undefined, https: undefined },
          auth: undefined,
          hostname: 'nebilet.fun',
          port: 443,
          nativeProtocols: { 'http:': [Object], 'https:': [Object] },
          pathname: '/api/add_scheme/',
          _defaultAgent: Agent {
            _events: [Object: null prototype],
            _eventsCount: 2,
            _maxListeners: undefined,
            defaultPort: 443,
            protocol: 'https:',
            options: [Object: null prototype],
            requests: [Object: null prototype] {},
            sockets: [Object: null prototype],
            freeSockets: [Object: null prototype] {},
            keepAliveMsecs: 1000,
            keepAlive: false,
            maxSockets: Infinity,
            maxFreeSockets: 256,
            scheduling: 'lifo',
            maxTotalSockets: Infinity,
            totalSocketCount: 1,
            maxCachedSessions: 100,
            _sessionCache: [Object],
            [Symbol(kCapture)]: false
          },
          host: 'nebilet.fun',
          noDelay: true,
          servername: 'nebilet.fun',
          _agentKey: 'nebilet.fun:443:::::::::::::::::::::',
          encoding: null,
          singleUse: true
        }
      },
      _header: 'POST /api/add_scheme/ HTTP/1.1\r\n' +
        'Accept: application/json, text/plain, */*\r\n' +
        'Content-Type: application/json\r\n' +
        'User-Agent: axios/0.27.2\r\n' +
        'Content-Length: 72084\r\n' +
        'Host: nebilet.fun\r\n' +
        'Connection: close\r\n' +
        '\r\n',
      _keepAliveTimeout: 0,
      _onPendingData: [Function: nop],
      agent: Agent {
        _events: [Object: null prototype] {
          free: [Function (anonymous)],
          newListener: [Function: maybeEnableKeylog]
        },
        _eventsCount: 2,
        _maxListeners: undefined,
        defaultPort: 443,
        protocol: 'https:',
        options: [Object: null prototype] { noDelay: true, path: null },
        requests: [Object: null prototype] {},
        sockets: [Object: null prototype] {
          'nebilet.fun:443:::::::::::::::::::::': [ [TLSSocket] ]
        },
        freeSockets: [Object: null prototype] {},
        keepAliveMsecs: 1000,
        keepAlive: false,
        maxSockets: Infinity,
        maxFreeSockets: 256,
        scheduling: 'lifo',
        maxTotalSockets: Infinity,
        totalSocketCount: 1,
        maxCachedSessions: 100,
        _sessionCache: { map: {}, list: [] },
        [Symbol(kCapture)]: false
      },
      socketPath: undefined,
      method: 'POST',
      maxHeaderSize: undefined,
      insecureHTTPParser: undefined,
      path: '/api/add_scheme/',
      _ended: false,
      res: null,
      aborted: false,
      timeoutCb: null,
      upgradeOrConnect: false,
      parser: null,
      maxHeadersCount: null,
      reusedSocket: false,
      host: 'nebilet.fun',
      protocol: 'https:',
      _redirectable: [Circular *3],
      [Symbol(kCapture)]: false,
      [Symbol(kNeedDrain)]: true,
      [Symbol(corked)]: 0,
      [Symbol(kOutHeaders)]: [Object: null prototype] {
        accept: [ 'Accept', 'application/json, text/plain, */*' ],
        'content-type': [ 'Content-Type', 'application/json' ],
        'user-agent': [ 'User-Agent', 'axios/0.27.2' ],
        'content-length': [ 'Content-Length', 72084 ],
        host: [ 'Host', 'nebilet.fun' ]
      },
      [Symbol(kUniqueHeaders)]: null
    },
    _currentUrl: 'https://nebilet.fun/api/add_scheme/',
    [Symbol(kCapture)]: false
  }
}

Node.js v18.5.0

C:\Users\Admin\YandexDisk\[nebilet]>pause